Arguments: 
  /usr/local/bin/node /usr/local/Cellar/yarn/1.7.0/libexec/bin/yarn.js add --dev jest

PATH: 
  /usr/local/bin:/usr/bin:/bin:/usr/sbin:/sbin:/Applications/VMware Fusion.app/Contents/Public

Yarn version: 
  1.7.0

Node version: 
  10.4.0

Platform: 
  darwin x64

Trace: 
  Error: EACCES: permission denied, unlink '/Users/josedg/Development/Challenges/node_modules/babel-cli/package.json'

npm manifest: 
  {
    "name": "challenges",
    "version": "1.0.0",
    "description": "Collection of Algorithm Challenges",
    "main": "main.js",
    "scripts": {
      "test": "mocha"
    },
    "repository": {
      "type": "git",
      "url": "git+https://github.com/OseDoe/CodeWarsChallenges.git"
    },
    "author": "Jose Diaz",
    "license": "ISC",
    "bugs": {
      "url": "https://github.com/OseDoe/CodeWarsChallenges/issues"
    },
    "homepage": "https://github.com/OseDoe/CodeWarsChallenges#readme",
    "dependencies": {
      "chai": "^4.1.2",
      "mocha": "^5.0.4"
    },
    "directories": {
      "test": "tests"
    },
    "devDependencies": {
      "babel-cli": "^6.26.0"
    }
  }

yarn manifest: 
  No manifest

Lockfile: 
  No lockfile
